2023-09-21T15:19:32.069+05:30  INFO 1944 --- [main] c.r.StudentManagementDbApplicationTests  : Starting StudentManagementDbApplicationTests using Java 17.0.8 with PID 1944 (started by ts in C:\Users\ts\Desktop\GaneshVSpring\StudentManagementDB)
2023-09-21T15:19:32.083+05:30  INFO 1944 --- [main] c.r.StudentManagementDbApplicationTests  : No active profile set, falling back to 1 default profile: "default"
2023-09-21T15:19:33.656+05:30  INFO 1944 --- [main] .s.d.r.c.RepositoryConfigurationDelegate : Bootstrapping Spring Data JPA repositories in DEFAULT mode.
2023-09-21T15:19:33.801+05:30  INFO 1944 --- [main] .s.d.r.c.RepositoryConfigurationDelegate : Finished Spring Data repository scanning in 127 ms. Found 1 JPA repository interfaces.
2023-09-21T15:19:34.463+05:30  INFO 1944 --- [main] trationDelegate$BeanPostProcessorChecker : Bean 'org.springframework.ws.config.annotation.DelegatingWsConfiguration' of type [org.springframework.ws.config.annotation.DelegatingWsConfiguration$$SpringCGLIB$$0] is not eligible for getting processed by all BeanPostProcessors (for example: not eligible for auto-proxying)
2023-09-21T15:19:34.574+05:30  INFO 1944 --- [main] .w.s.a.s.AnnotationActionEndpointMapping : Supporting [WS-Addressing August 2004, WS-Addressing 1.0]
2023-09-21T15:19:34.952+05:30  INFO 1944 --- [main] o.hibernate.jpa.internal.util.LogHelper  : HHH000204: Processing PersistenceUnitInfo [name: default]
2023-09-21T15:19:35.107+05:30  INFO 1944 --- [main] org.hibernate.Version                    : HHH000412: Hibernate ORM core version 6.2.6.Final
2023-09-21T15:19:35.113+05:30  INFO 1944 --- [main] org.hibernate.cfg.Environment            : HHH000406: Using bytecode reflection optimizer
2023-09-21T15:19:35.551+05:30  INFO 1944 --- [main] o.h.b.i.BytecodeProviderInitiator        : HHH000021: Bytecode provider name : bytebuddy
2023-09-21T15:19:35.897+05:30  INFO 1944 --- [main] o.s.o.j.p.SpringPersistenceUnitInfo      : No LoadTimeWeaver setup: ignoring JPA class transformer
2023-09-21T15:19:35.929+05:30  INFO 1944 --- [main] com.zaxxer.hikari.HikariDataSource       : HikariPool-1 - Starting...
2023-09-21T15:19:36.665+05:30  INFO 1944 --- [main] com.zaxxer.hikari.pool.HikariPool        : HikariPool-1 - Added connection com.mysql.cj.jdbc.ConnectionImpl@7956f93a
2023-09-21T15:19:36.669+05:30  INFO 1944 --- [main] com.zaxxer.hikari.HikariDataSource       : HikariPool-1 - Start completed.
2023-09-21T15:19:37.315+05:30  INFO 1944 --- [main] o.h.b.i.BytecodeProviderInitiator        : HHH000021: Bytecode provider name : bytebuddy
2023-09-21T15:19:38.501+05:30  INFO 1944 --- [main] o.h.e.t.j.p.i.JtaPlatformInitiator       : HHH000490: Using JtaPlatform implementation: [org.hibernate.engine.transaction.jta.platform.internal.NoJtaPlatform]
2023-09-21T15:19:38.605+05:30  INFO 1944 --- [main] j.LocalContainerEntityManagerFactoryBean : Initialized JPA EntityManagerFactory for persistence unit 'default'
2023-09-21T15:19:39.192+05:30  INFO 1944 --- [main] o.s.d.j.r.query.QueryEnhancerFactory     : Hibernate is in classpath; If applicable, HQL parser will be used.
2023-09-21T15:19:40.300+05:30  WARN 1944 --- [main] JpaBaseConfiguration$JpaWebConfiguration : spring.jpa.open-in-view is enabled by default. Therefore, database queries may be performed during view rendering. Explicitly configure spring.jpa.open-in-view to disable this warning
2023-09-21T15:19:40.995+05:30  INFO 1944 --- [main] c.r.StudentManagementDbApplicationTests  : Started StudentManagementDbApplicationTests in 9.536 seconds (process running for 11.967)
2023-09-21T15:19:42.059+05:30  INFO 1944 --- [SpringApplicationShutdownHook] j.LocalContainerEntityManagerFactoryBean : Closing JPA EntityManagerFactory for persistence unit 'default'
2023-09-21T15:19:42.065+05:30  INFO 1944 --- [SpringApplicationShutdownHook] com.zaxxer.hikari.HikariDataSource       : HikariPool-1 - Shutdown initiated...
2023-09-21T15:19:42.090+05:30  INFO 1944 --- [SpringApplicationShutdownHook] com.zaxxer.hikari.HikariDataSource       : HikariPool-1 - Shutdown completed.
